# JRE version: OpenJDK Runtime Environment (21.0.3) (build 21.0.3+-12282718-b509.11)
# Java VM: OpenJDK 64-Bit Server VM (21.0.3+-12282718-b509.11, mixed mode, tiered, compressed oops, compressed class ptrs, g1 gc, windows-amd64)
GC Precious Log:
 CardTable entry size: 512
 Card Set container configuration: InlinePtr #cards 5 size 8 Array Of Cards #cards 12 size 40 Howl #buckets 4 coarsen threshold 1843 Howl Bitmap #cards 512 size 80 coarsen threshold 460 Card regions per heap region 1 cards per card region 2048
 CPUs: 24 total, 24 available
 Memory: 31861M
 Large Page Support: Disabled
 NUMA Support: Disabled
 Compressed Oops: Enabled (32-bit)
 Heap Region Size: 1M
 Heap Min Capacity: 8M
 Heap Initial Capacity: 498M
 Heap Max Capacity: 2G
 Pre-touch: Disabled
 Parallel Workers: 18
 Concurrent Workers: 5
 Concurrent Refinement Workers: 18
 Periodic GC: Disabled
Heap:
 garbage-first heap   total 295936K, used 190884K [0x0000000080000000, 0x0000000100000000)
  region size 1024K, 32 young (32768K), 2 survivors (2048K)
 Metaspace       used 129790K, committed 132032K, reserved 1179648K
  class space    used 17359K, committed 18496K, reserved 1048576K
GC Heap History (20 events):
Event: 9.595 GC heap before
{Heap before GC invocations=34 (full 0):
 garbage-first heap   total 219136K, used 161997K [0x0000000080000000, 0x0000000100000000)
  region size 1024K, 52 young (53248K), 5 survivors (5120K)
 Metaspace       used 110217K, committed 112384K, reserved 1179648K
  class space    used 15242K, committed 16320K, reserved 1048576K
}
Event: 9.597 GC heap after
{Heap after GC invocations=35 (full 0):
 garbage-first heap   total 219136K, used 116652K [0x0000000080000000, 0x0000000100000000)
  region size 1024K, 5 young (5120K), 5 survivors (5120K)
 Metaspace       used 110217K, committed 112384K, reserved 1179648K
  class space    used 15242K, committed 16320K, reserved 1048576K
}
Event: 9.925 GC heap before
{Heap before GC invocations=35 (full 0):
 garbage-first heap   total 219136K, used 196524K [0x0000000080000000, 0x0000000100000000)
  region size 1024K, 84 young (86016K), 5 survivors (5120K)
 Metaspace       used 110387K, committed 112512K, reserved 1179648K
  class space    used 15252K, committed 16320K, reserved 1048576K
}
Event: 9.929 GC heap after
{Heap after GC invocations=36 (full 0):
 garbage-first heap   total 219136K, used 117639K [0x0000000080000000, 0x0000000100000000)
  region size 1024K, 7 young (7168K), 7 survivors (7168K)
 Metaspace       used 110387K, committed 112512K, reserved 1179648K
  class space    used 15252K, committed 16320K, reserved 1048576K
}
Event: 547.289 GC heap before
{Heap before GC invocations=36 (full 0):
 garbage-first heap   total 219136K, used 197511K [0x0000000080000000, 0x0000000100000000)
  region size 1024K, 86 young (88064K), 7 survivors (7168K)
 Metaspace       used 111859K, committed 114048K, reserved 1179648K
  class space    used 15432K, committed 16512K, reserved 1048576K
}
Event: 547.291 GC heap after
{Heap after GC invocations=37 (full 0):
 garbage-first heap   total 219136K, used 122036K [0x0000000080000000, 0x0000000100000000)
  region size 1024K, 10 young (10240K), 10 survivors (10240K)
 Metaspace       used 111859K, committed 114048K, reserved 1179648K
  class space    used 15432K, committed 16512K, reserved 1048576K
}
Event: 548.115 GC heap before
{Heap before GC invocations=38 (full 0):
 garbage-first heap   total 219136K, used 199860K [0x0000000080000000, 0x0000000100000000)
  region size 1024K, 82 young (83968K), 10 survivors (10240K)
 Metaspace       used 113590K, committed 115712K, reserved 1179648K
  class space    used 15492K, committed 16576K, reserved 1048576K
}
Event: 548.119 GC heap after
{Heap after GC invocations=39 (full 0):
 garbage-first heap   total 219136K, used 129451K [0x0000000080000000, 0x0000000100000000)
  region size 1024K, 11 young (11264K), 11 survivors (11264K)
 Metaspace       used 113590K, committed 115712K, reserved 1179648K
  class space    used 15492K, committed 16576K, reserved 1048576K
}
Event: 1225.739 GC heap before
{Heap before GC invocations=39 (full 0):
 garbage-first heap   total 219136K, used 217515K [0x0000000080000000, 0x0000000100000000)
  region size 1024K, 63 young (64512K), 11 survivors (11264K)
 Metaspace       used 116690K, committed 118848K, reserved 1179648K
  class space    used 15882K, committed 16960K, reserved 1048576K
}
Event: 1225.745 GC heap after
{Heap after GC invocations=40 (full 0):
 garbage-first heap   total 237568K, used 131503K [0x0000000080000000, 0x0000000100000000)
  region size 1024K, 4 young (4096K), 4 survivors (4096K)
 Metaspace       used 116690K, committed 118848K, reserved 1179648K
  class space    used 15882K, committed 16960K, reserved 1048576K
}
Event: 1393.505 GC heap before
{Heap before GC invocations=40 (full 0):
 garbage-first heap   total 237568K, used 215471K [0x0000000080000000, 0x0000000100000000)
  region size 1024K, 87 young (89088K), 4 survivors (4096K)
 Metaspace       used 117000K, committed 119104K, reserved 1179648K
  class space    used 15883K, committed 16960K, reserved 1048576K
}
Event: 1393.508 GC heap after
{Heap after GC invocations=41 (full 0):
 garbage-first heap   total 237568K, used 139816K [0x0000000080000000, 0x0000000100000000)
  region size 1024K, 11 young (11264K), 11 survivors (11264K)
 Metaspace       used 117000K, committed 119104K, reserved 1179648K
  class space    used 15883K, committed 16960K, reserved 1048576K
}
Event: 1394.423 GC heap before
{Heap before GC invocations=42 (full 0):
 garbage-first heap   total 239616K, used 216616K [0x0000000080000000, 0x0000000100000000)
  region size 1024K, 82 young (83968K), 11 survivors (11264K)
 Metaspace       used 121202K, committed 123392K, reserved 1179648K
  class space    used 16385K, committed 17536K, reserved 1048576K
}
Event: 1394.430 GC heap after
{Heap after GC invocations=43 (full 0):
 garbage-first heap   total 253952K, used 166912K [0x0000000080000000, 0x0000000100000000)
  region size 1024K, 11 young (11264K), 11 survivors (11264K)
 Metaspace       used 121202K, committed 123392K, reserved 1179648K
  class space    used 16385K, committed 17536K, reserved 1048576K
}
Event: 1395.238 GC heap before
{Heap before GC invocations=43 (full 0):
 garbage-first heap   total 253952K, used 234496K [0x0000000080000000, 0x0000000100000000)
  region size 1024K, 66 young (67584K), 11 survivors (11264K)
 Metaspace       used 124089K, committed 126336K, reserved 1179648K
  class space    used 16688K, committed 17792K, reserved 1048576K
}
Event: 1395.246 GC heap after
{Heap after GC invocations=44 (full 0):
 garbage-first heap   total 262144K, used 167063K [0x0000000080000000, 0x0000000100000000)
  region size 1024K, 6 young (6144K), 6 survivors (6144K)
 Metaspace       used 124089K, committed 126336K, reserved 1179648K
  class space    used 16688K, committed 17792K, reserved 1048576K
}
Event: 1401.287 GC heap before
{Heap before GC invocations=44 (full 0):
 garbage-first heap   total 262144K, used 228503K [0x0000000080000000, 0x0000000100000000)
  region size 1024K, 67 young (68608K), 6 survivors (6144K)
 Metaspace       used 126535K, committed 128704K, reserved 1179648K
  class space    used 16950K, committed 18048K, reserved 1048576K
}
Event: 1401.290 GC heap after
{Heap after GC invocations=45 (full 0):
 garbage-first heap   total 262144K, used 167861K [0x0000000080000000, 0x0000000100000000)
  region size 1024K, 7 young (7168K), 7 survivors (7168K)
 Metaspace       used 126535K, committed 128704K, reserved 1179648K
  class space    used 16950K, committed 18048K, reserved 1048576K
}
Event: 1402.769 GC heap before
{Heap before GC invocations=46 (full 0):
 garbage-first heap   total 295936K, used 226229K [0x0000000080000000, 0x0000000100000000)
  region size 1024K, 71 young (72704K), 7 survivors (7168K)
 Metaspace       used 127117K, committed 129344K, reserved 1179648K
  class space    used 17023K, committed 18112K, reserved 1048576K
}
Event: 1402.772 GC heap after
{Heap after GC invocations=47 (full 0):
 garbage-first heap   total 295936K, used 162212K [0x0000000080000000, 0x0000000100000000)
  region size 1024K, 2 young (2048K), 2 survivors (2048K)
 Metaspace       used 127117K, committed 129344K, reserved 1179648K
  class space    used 17023K, committed 18112K, reserved 1048576K
}

